Installation of nginx
Installing nginx...
nginx installation failed
2025-03-29 22:34:52 - Nginx not installed, installation in process...
2025-03-29 22:34:52 - Error installation failed.
2025-03-29 22:37:43 - Nginx not installed, installation in process...
2025-03-29 22:37:43 - Error installation failed.
2025-03-31 20:30:04,822 - INFO - Machine created: {'name': 'aaaaaa', 'os': 'aaaaaaa', 'cpu': 22222, 'ram': 22222}
2025-03-31 20:32:13,051 - INFO - Machine created: {'name': 'yhtfre', 'os': 'ygtfrsw', 'cpu': 32, 'ram': 32}
2025-03-31 20:32:32,306 - INFO - Machine created: {'name': 'ytrew', 'os': 'trew', 'cpu': 65432, 'ram': 543}
2025-03-31 20:39:48 - Nginx not installed, installation in process...
2025-03-31 20:39:48 - Nginx successfully installed.
2025-03-31 20:57:19,125 - INFO - Machine created: {'name': 'zszs', 'os': 'zszs', 'cpu': 909, 'ram': 909}
2025-03-31 21:21:07,836 - ERROR - Invalid input for CPU or RAM. They must be integers.
2025-03-31 21:22:43,153 - INFO - Machine created: {'name': 'abc', 'os': 'abc', 'cpu': 12, 'ram': 12}
2025-03-31 21:25:02 - Nginx not installed installation in process ...
2025-03-31 21:25:02 - Error: Failed to install Nginx.
2025-03-31 21:25:16 - Nginx not installed installation in process ...
2025-03-31 21:25:16 - Error: Failed to install Nginx.
2025-03-31 21:25:44 - Nginx not installed installation in process ...
2025-03-31 21:25:44 - Error: Failed to install Nginx.
2025-03-31 21:29:14 - Nginx not installed installation in process ...
2025-03-31 21:29:14 - Error: Failed to install Nginx.
2025-03-31 21:29:40 - Nginx not installed. Installation in process...
2025-03-31 21:29:40 - Error: Failed to install Nginx.
